   1              		.syntax unified
   2              		.cpu cortex-m4
   3              		.eabi_attribute 27, 3
   4              		.fpu fpv4-sp-d16
   5              		.eabi_attribute 20, 1
   6              		.eabi_attribute 21, 1
   7              		.eabi_attribute 23, 3
   8              		.eabi_attribute 24, 1
   9              		.eabi_attribute 25, 1
  10              		.eabi_attribute 26, 1
  11              		.eabi_attribute 30, 6
  12              		.eabi_attribute 34, 1
  13              		.eabi_attribute 18, 4
  14              		.thumb
  15              		.file	"STask.cpp"
  16              		.text
  17              	.Ltext0:
  18              		.cfi_sections	.debug_frame
  19              		.global	button
  20              		.section	.bss.button,"aw",%nobits
  21              		.align	2
  24              	button:
  25 0000 00000000 		.space	28
  25      00000000 
  25      00000000 
  25      00000000 
  25      00000000 
  26              		.global	halgpio1
  27              		.section	.bss.halgpio1,"aw",%nobits
  28              		.align	2
  31              	halgpio1:
  32 0000 00000000 		.space	28
  32      00000000 
  32      00000000 
  32      00000000 
  32      00000000 
  33              		.global	halgpio2
  34              		.section	.bss.halgpio2,"aw",%nobits
  35              		.align	2
  38              	halgpio2:
  39 0000 00000000 		.space	28
  39      00000000 
  39      00000000 
  39      00000000 
  39      00000000 
  40              		.global	halgpio3
  41              		.section	.bss.halgpio3,"aw",%nobits
  42              		.align	2
  45              	halgpio3:
  46 0000 00000000 		.space	28
  46      00000000 
  46      00000000 
  46      00000000 
  46      00000000 
  47              		.global	halgpio4
  48              		.section	.bss.halgpio4,"aw",%nobits
  49              		.align	2
  52              	halgpio4:
  53 0000 00000000 		.space	28
  53      00000000 
  53      00000000 
  53      00000000 
  53      00000000 
  54              		.global	pressed
  55              		.section	.bss.pressed,"aw",%nobits
  58              	pressed:
  59 0000 00       		.space	1
  60              		.section	.text._ZN5Task14initEv,"axG",%progbits,_ZN5Task14initEv,comdat
  61              		.align	2
  62              		.weak	_ZN5Task14initEv
  63              		.thumb
  64              		.thumb_func
  66              	_ZN5Task14initEv:
  67              	.LFB185:
  68              		.file 1 "../STask.cpp"
   1:../STask.cpp  **** // Event-Flag (Interrupt)
   2:../STask.cpp  **** 
   3:../STask.cpp  **** #include "rodos.h"
   4:../STask.cpp  **** #include "hal_gpio.h"
   5:../STask.cpp  **** 
   6:../STask.cpp  **** HAL_GPIO button(GPIO_000); // Button
   7:../STask.cpp  **** 
   8:../STask.cpp  **** // LEDs:
   9:../STask.cpp  **** HAL_GPIO halgpio1(GPIO_060);
  10:../STask.cpp  **** HAL_GPIO halgpio2(GPIO_061);
  11:../STask.cpp  **** HAL_GPIO halgpio3(GPIO_062);
  12:../STask.cpp  **** HAL_GPIO halgpio4(GPIO_063);
  13:../STask.cpp  **** 
  14:../STask.cpp  **** bool pressed;
  15:../STask.cpp  **** 
  16:../STask.cpp  **** struct Task1 : public Thread
  17:../STask.cpp  **** {
  18:../STask.cpp  **** 	void init()
  69              		.loc 1 18 0
  70              		.cfi_startproc
  71              		@ args = 0, pretend = 0, frame = 8
  72              		@ frame_needed = 1, uses_anonymous_args = 0
  73 0000 80B5     		push	{r7, lr}
  74              	.LCFI0:
  75              		.cfi_def_cfa_offset 8
  76              		.cfi_offset 7, -8
  77              		.cfi_offset 14, -4
  78 0002 82B0     		sub	sp, sp, #8
  79              	.LCFI1:
  80              		.cfi_def_cfa_offset 16
  81 0004 00AF     		add	r7, sp, #0
  82              	.LCFI2:
  83              		.cfi_def_cfa_register 7
  84 0006 7860     		str	r0, [r7, #4]
  19:../STask.cpp  **** 	{
  20:../STask.cpp  **** 		// Interrupt-Einstellungen setzen:
  21:../STask.cpp  **** 		button.init(); // Schalter auf Eingang stellen
  85              		.loc 1 21 0
  86 0008 40F20000 		movw	r0, #:lower16:button
  87 000c C0F20000 		movt	r0, #:upper16:button
  88 0010 4FF00001 		mov	r1, #0
  89 0014 4FF00102 		mov	r2, #1
  90 0018 4FF00003 		mov	r3, #0
  91 001c FFF7FEFF 		bl	_ZN5RODOS8HAL_GPIO4initEbmm
  22:../STask.cpp  **** 		button.interruptEnable(true);
  92              		.loc 1 22 0
  93 0020 40F20000 		movw	r0, #:lower16:button
  94 0024 C0F20000 		movt	r0, #:upper16:button
  95 0028 4FF00101 		mov	r1, #1
  96 002c FFF7FEFF 		bl	_ZN5RODOS8HAL_GPIO15interruptEnableEb
  23:../STask.cpp  **** 		button.config(GPIO_CFG_IRQ_SENSITIVITY, 0);
  97              		.loc 1 23 0
  98 0030 40F20000 		movw	r0, #:lower16:button
  99 0034 C0F20000 		movt	r0, #:upper16:button
 100 0038 4FF00401 		mov	r1, #4
 101 003c 4FF00002 		mov	r2, #0
 102 0040 FFF7FEFF 		bl	_ZN5RODOS8HAL_GPIO6configENS_13GPIO_CFG_TYPEEm
  24:../STask.cpp  **** 	}
 103              		.loc 1 24 0
 104 0044 07F10807 		add	r7, r7, #8
 105 0048 BD46     		mov	sp, r7
 106 004a 80BD     		pop	{r7, pc}
 107              		.cfi_endproc
 108              	.LFE185:
 110              		.section	.text._ZN5Task13runEv,"axG",%progbits,_ZN5Task13runEv,comdat
 111              		.align	2
 112              		.weak	_ZN5Task13runEv
 113              		.thumb
 114              		.thumb_func
 116              	_ZN5Task13runEv:
 117              	.LFB186:
  25:../STask.cpp  **** 
  26:../STask.cpp  **** 	void run()
 118              		.loc 1 26 0
 119              		.cfi_startproc
 120              		@ args = 0, pretend = 0, frame = 8
 121              		@ frame_needed = 1, uses_anonymous_args = 0
 122 0000 80B5     		push	{r7, lr}
 123              	.LCFI3:
 124              		.cfi_def_cfa_offset 8
 125              		.cfi_offset 7, -8
 126              		.cfi_offset 14, -4
 127 0002 82B0     		sub	sp, sp, #8
 128              	.LCFI4:
 129              		.cfi_def_cfa_offset 16
 130 0004 00AF     		add	r7, sp, #0
 131              	.LCFI5:
 132              		.cfi_def_cfa_register 7
 133 0006 7860     		str	r0, [r7, #4]
 134              	.L5:
  27:../STask.cpp  **** 	{
  28:../STask.cpp  **** 		while (1)
  29:../STask.cpp  **** 		{
  30:../STask.cpp  **** 			if (!button.isDataReady())
 135              		.loc 1 30 0
 136 0008 40F20000 		movw	r0, #:lower16:button
 137 000c C0F20000 		movt	r0, #:upper16:button
 138 0010 FFF7FEFF 		bl	_ZN5RODOS8HAL_GPIO11isDataReadyEv
 139 0014 0346     		mov	r3, r0
 140 0016 83F00103 		eor	r3, r3, #1
 141 001a DBB2     		uxtb	r3, r3
 142 001c 002B     		cmp	r3, #0
 143 001e 09D0     		beq	.L3
  31:../STask.cpp  **** 				button.suspendUntilDataReady();
 144              		.loc 1 31 0
 145 0020 40F20000 		movw	r0, #:lower16:button
 146 0024 C0F20000 		movt	r0, #:upper16:button
 147 0028 4FF0FF32 		mov	r2, #-1
 148 002c 6FF00043 		mvn	r3, #-2147483648
 149 0030 FFF7FEFF 		bl	_ZN5RODOS18GenericIOInterface21suspendUntilDataReadyEx
 150              	.L3:
  32:../STask.cpp  **** 
  33:../STask.cpp  **** 			pressed = true; // Condition-Flag setzen
 151              		.loc 1 33 0
 152 0034 40F20003 		movw	r3, #:lower16:pressed
 153 0038 C0F20003 		movt	r3, #:upper16:pressed
 154 003c 4FF00102 		mov	r2, #1
 155 0040 1A70     		strb	r2, [r3, #0]
  34:../STask.cpp  **** 
  35:../STask.cpp  **** 			while (button.readPins() == 1)
 156              		.loc 1 35 0
 157 0042 00BF     		nop
 158              	.L4:
 159              		.loc 1 35 0 is_stmt 0 discriminator 1
 160 0044 40F20000 		movw	r0, #:lower16:button
 161 0048 C0F20000 		movt	r0, #:upper16:button
 162 004c FFF7FEFF 		bl	_ZN5RODOS8HAL_GPIO8readPinsEv
 163 0050 0346     		mov	r3, r0
 164 0052 012B     		cmp	r3, #1
 165 0054 14BF     		ite	ne
 166 0056 0023     		movne	r3, #0
 167 0058 0123     		moveq	r3, #1
 168 005a DBB2     		uxtb	r3, r3
 169 005c 002B     		cmp	r3, #0
 170 005e F1D1     		bne	.L4
  36:../STask.cpp  **** 				; // mittels Busy-Waiting pr체fen ob Button noch immer gedr체ckt ist
  37:../STask.cpp  **** 
  38:../STask.cpp  **** 			pressed = false; // Condition-Flag clearen
 171              		.loc 1 38 0 is_stmt 1
 172 0060 40F20003 		movw	r3, #:lower16:pressed
 173 0064 C0F20003 		movt	r3, #:upper16:pressed
 174 0068 4FF00002 		mov	r2, #0
 175 006c 1A70     		strb	r2, [r3, #0]
  39:../STask.cpp  **** 
  40:../STask.cpp  **** 			button.resetInterruptEventStatus(); // Interrupt-Status resetten
 176              		.loc 1 40 0
 177 006e 40F20000 		movw	r0, #:lower16:button
 178 0072 C0F20000 		movt	r0, #:upper16:button
 179 0076 FFF7FEFF 		bl	_ZN5RODOS8HAL_GPIO25resetInterruptEventStatusEv
  28:../STask.cpp  **** 		while (1)
 180              		.loc 1 28 0
 181 007a C5E7     		b	.L5
 182              		.cfi_endproc
 183              	.LFE186:
 185              		.section	.rodata
 186              		.align	2
 187              	.LC0:
 188 0000 416E6F6E 		.ascii	"AnonymThread\000"
 188      796D5468 
 188      72656164 
 188      00
 189 000d 000000   		.section	.text._ZN5Task1C2Ev,"axG",%progbits,_ZN5Task1C5Ev,comdat
 190              		.align	2
 191              		.weak	_ZN5Task1C2Ev
 192              		.thumb
 193              		.thumb_func
 195              	_ZN5Task1C2Ev:
 196              	.LFB188:
  16:../STask.cpp  **** struct Task1 : public Thread
 197              		.loc 1 16 0
 198              		.cfi_startproc
 199              		@ args = 0, pretend = 0, frame = 8
 200              		@ frame_needed = 1, uses_anonymous_args = 0
 201 0000 80B5     		push	{r7, lr}
 202              	.LCFI6:
 203              		.cfi_def_cfa_offset 8
 204              		.cfi_offset 7, -8
 205              		.cfi_offset 14, -4
 206 0002 82B0     		sub	sp, sp, #8
 207              	.LCFI7:
 208              		.cfi_def_cfa_offset 16
 209 0004 00AF     		add	r7, sp, #0
 210              	.LCFI8:
 211              		.cfi_def_cfa_register 7
 212 0006 7860     		str	r0, [r7, #4]
 213              	.LBB2:
  16:../STask.cpp  **** struct Task1 : public Thread
 214              		.loc 1 16 0
 215 0008 7B68     		ldr	r3, [r7, #4]
 216 000a 1846     		mov	r0, r3
 217 000c 40F20001 		movw	r1, #:lower16:.LC0
 218 0010 C0F20001 		movt	r1, #:upper16:.LC0
 219 0014 4FF06402 		mov	r2, #100
 220 0018 4FF4FA63 		mov	r3, #2000
 221 001c FFF7FEFF 		bl	_ZN5RODOS6ThreadC2EPKcll
 222 0020 7B68     		ldr	r3, [r7, #4]
 223 0022 044A     		ldr	r2, .L9
 224 0024 1A60     		str	r2, [r3, #0]
 225              	.LBE2:
 226 0026 7B68     		ldr	r3, [r7, #4]
 227 0028 1846     		mov	r0, r3
 228 002a 07F10807 		add	r7, r7, #8
 229 002e BD46     		mov	sp, r7
 230 0030 80BD     		pop	{r7, pc}
 231              	.L10:
 232 0032 00BF     		.align	2
 233              	.L9:
 234 0034 08000000 		.word	_ZTV5Task1+8
 235              		.cfi_endproc
 236              	.LFE188:
 238              		.weak	_ZN5Task1C1Ev
 239              		.thumb_set _ZN5Task1C1Ev,_ZN5Task1C2Ev
 240              		.global	task1
 241              		.section	.bss.task1,"aw",%nobits
 242              		.align	3
 245              	task1:
 246 0000 00000000 		.space	80
 246      00000000 
 246      00000000 
 246      00000000 
 246      00000000 
 247              		.section	.text._ZN5Task24initEv,"axG",%progbits,_ZN5Task24initEv,comdat
 248              		.align	2
 249              		.weak	_ZN5Task24initEv
 250              		.thumb
 251              		.thumb_func
 253              	_ZN5Task24initEv:
 254              	.LFB190:
  41:../STask.cpp  **** 		}
  42:../STask.cpp  **** 	}
  43:../STask.cpp  **** } task1;
  44:../STask.cpp  **** 
  45:../STask.cpp  **** struct Task2 : public Thread
  46:../STask.cpp  **** {
  47:../STask.cpp  **** 	void init()
 255              		.loc 1 47 0
 256              		.cfi_startproc
 257              		@ args = 0, pretend = 0, frame = 8
 258              		@ frame_needed = 1, uses_anonymous_args = 0
 259 0000 80B5     		push	{r7, lr}
 260              	.LCFI9:
 261              		.cfi_def_cfa_offset 8
 262              		.cfi_offset 7, -8
 263              		.cfi_offset 14, -4
 264 0002 82B0     		sub	sp, sp, #8
 265              	.LCFI10:
 266              		.cfi_def_cfa_offset 16
 267 0004 00AF     		add	r7, sp, #0
 268              	.LCFI11:
 269              		.cfi_def_cfa_register 7
 270 0006 7860     		str	r0, [r7, #4]
  48:../STask.cpp  **** 	{
  49:../STask.cpp  **** 		halgpio1.init(1, 1, 1);
 271              		.loc 1 49 0
 272 0008 40F20000 		movw	r0, #:lower16:halgpio1
 273 000c C0F20000 		movt	r0, #:upper16:halgpio1
 274 0010 4FF00101 		mov	r1, #1
 275 0014 4FF00102 		mov	r2, #1
 276 0018 4FF00103 		mov	r3, #1
 277 001c FFF7FEFF 		bl	_ZN5RODOS8HAL_GPIO4initEbmm
  50:../STask.cpp  **** 		halgpio2.init(1, 1, 1);
 278              		.loc 1 50 0
 279 0020 40F20000 		movw	r0, #:lower16:halgpio2
 280 0024 C0F20000 		movt	r0, #:upper16:halgpio2
 281 0028 4FF00101 		mov	r1, #1
 282 002c 4FF00102 		mov	r2, #1
 283 0030 4FF00103 		mov	r3, #1
 284 0034 FFF7FEFF 		bl	_ZN5RODOS8HAL_GPIO4initEbmm
  51:../STask.cpp  **** 		halgpio3.init(1, 1, 1);
 285              		.loc 1 51 0
 286 0038 40F20000 		movw	r0, #:lower16:halgpio3
 287 003c C0F20000 		movt	r0, #:upper16:halgpio3
 288 0040 4FF00101 		mov	r1, #1
 289 0044 4FF00102 		mov	r2, #1
 290 0048 4FF00103 		mov	r3, #1
 291 004c FFF7FEFF 		bl	_ZN5RODOS8HAL_GPIO4initEbmm
  52:../STask.cpp  **** 		halgpio4.init(1, 1, 1);
 292              		.loc 1 52 0
 293 0050 40F20000 		movw	r0, #:lower16:halgpio4
 294 0054 C0F20000 		movt	r0, #:upper16:halgpio4
 295 0058 4FF00101 		mov	r1, #1
 296 005c 4FF00102 		mov	r2, #1
 297 0060 4FF00103 		mov	r3, #1
 298 0064 FFF7FEFF 		bl	_ZN5RODOS8HAL_GPIO4initEbmm
  53:../STask.cpp  **** 	}
 299              		.loc 1 53 0
 300 0068 07F10807 		add	r7, r7, #8
 301 006c BD46     		mov	sp, r7
 302 006e 80BD     		pop	{r7, pc}
 303              		.cfi_endproc
 304              	.LFE190:
 306              		.section	.text._ZN5Task23runEv,"axG",%progbits,_ZN5Task23runEv,comdat
 307              		.align	2
 308              		.weak	_ZN5Task23runEv
 309              		.thumb
 310              		.thumb_func
 312              	_ZN5Task23runEv:
 313              	.LFB191:
  54:../STask.cpp  **** 
  55:../STask.cpp  **** 	void run()
 314              		.loc 1 55 0
 315              		.cfi_startproc
 316              		@ args = 0, pretend = 0, frame = 8
 317              		@ frame_needed = 1, uses_anonymous_args = 0
 318 0000 80B5     		push	{r7, lr}
 319              	.LCFI12:
 320              		.cfi_def_cfa_offset 8
 321              		.cfi_offset 7, -8
 322              		.cfi_offset 14, -4
 323 0002 82B0     		sub	sp, sp, #8
 324              	.LCFI13:
 325              		.cfi_def_cfa_offset 16
 326 0004 00AF     		add	r7, sp, #0
 327              	.LCFI14:
 328              		.cfi_def_cfa_register 7
 329 0006 7860     		str	r0, [r7, #4]
 330              	.L15:
  56:../STask.cpp  **** 	{
  57:../STask.cpp  **** 		while (1)
  58:../STask.cpp  **** 		{
  59:../STask.cpp  **** 			// durchg채ngig pr체fen ob Condition-Flag gesetzt wurde:
  60:../STask.cpp  **** 			if (pressed)
 331              		.loc 1 60 0
 332 0008 40F20003 		movw	r3, #:lower16:pressed
 333 000c C0F20003 		movt	r3, #:upper16:pressed
 334 0010 1B78     		ldrb	r3, [r3, #0]	@ zero_extendqisi2
 335 0012 002B     		cmp	r3, #0
 336 0014 20D0     		beq	.L13
  61:../STask.cpp  **** 			{
  62:../STask.cpp  **** 				// LEDs einschalten:
  63:../STask.cpp  **** 				halgpio1.setPins(1);
 337              		.loc 1 63 0
 338 0016 40F20000 		movw	r0, #:lower16:halgpio1
 339 001a C0F20000 		movt	r0, #:upper16:halgpio1
 340 001e 4FF00101 		mov	r1, #1
 341 0022 FFF7FEFF 		bl	_ZN5RODOS8HAL_GPIO7setPinsEm
  64:../STask.cpp  **** 				halgpio2.setPins(1);
 342              		.loc 1 64 0
 343 0026 40F20000 		movw	r0, #:lower16:halgpio2
 344 002a C0F20000 		movt	r0, #:upper16:halgpio2
 345 002e 4FF00101 		mov	r1, #1
 346 0032 FFF7FEFF 		bl	_ZN5RODOS8HAL_GPIO7setPinsEm
  65:../STask.cpp  **** 				halgpio3.setPins(1);
 347              		.loc 1 65 0
 348 0036 40F20000 		movw	r0, #:lower16:halgpio3
 349 003a C0F20000 		movt	r0, #:upper16:halgpio3
 350 003e 4FF00101 		mov	r1, #1
 351 0042 FFF7FEFF 		bl	_ZN5RODOS8HAL_GPIO7setPinsEm
  66:../STask.cpp  **** 				halgpio4.setPins(1);
 352              		.loc 1 66 0
 353 0046 40F20000 		movw	r0, #:lower16:halgpio4
 354 004a C0F20000 		movt	r0, #:upper16:halgpio4
 355 004e 4FF00101 		mov	r1, #1
 356 0052 FFF7FEFF 		bl	_ZN5RODOS8HAL_GPIO7setPinsEm
  57:../STask.cpp  **** 		while (1)
 357              		.loc 1 57 0
 358 0056 D7E7     		b	.L15
 359              	.L13:
  67:../STask.cpp  **** 			}
  68:../STask.cpp  **** 			else
  69:../STask.cpp  **** 			{
  70:../STask.cpp  **** 				// LEDs ausschalten:
  71:../STask.cpp  **** 				halgpio1.setPins(0);
 360              		.loc 1 71 0
 361 0058 40F20000 		movw	r0, #:lower16:halgpio1
 362 005c C0F20000 		movt	r0, #:upper16:halgpio1
 363 0060 4FF00001 		mov	r1, #0
 364 0064 FFF7FEFF 		bl	_ZN5RODOS8HAL_GPIO7setPinsEm
  72:../STask.cpp  **** 				halgpio2.setPins(0);
 365              		.loc 1 72 0
 366 0068 40F20000 		movw	r0, #:lower16:halgpio2
 367 006c C0F20000 		movt	r0, #:upper16:halgpio2
 368 0070 4FF00001 		mov	r1, #0
 369 0074 FFF7FEFF 		bl	_ZN5RODOS8HAL_GPIO7setPinsEm
  73:../STask.cpp  **** 				halgpio3.setPins(0);
 370              		.loc 1 73 0
 371 0078 40F20000 		movw	r0, #:lower16:halgpio3
 372 007c C0F20000 		movt	r0, #:upper16:halgpio3
 373 0080 4FF00001 		mov	r1, #0
 374 0084 FFF7FEFF 		bl	_ZN5RODOS8HAL_GPIO7setPinsEm
  74:../STask.cpp  **** 				halgpio4.setPins(0);
 375              		.loc 1 74 0
 376 0088 40F20000 		movw	r0, #:lower16:halgpio4
 377 008c C0F20000 		movt	r0, #:upper16:halgpio4
 378 0090 4FF00001 		mov	r1, #0
 379 0094 FFF7FEFF 		bl	_ZN5RODOS8HAL_GPIO7setPinsEm
  75:../STask.cpp  **** 
  76:../STask.cpp  **** 				// Task zwei Sekunden schlafen legen
  77:../STask.cpp  **** 				suspendCallerUntil(NOW() + 500 * MILLISECONDS);
 380              		.loc 1 77 0
 381 0098 FFF7FEFF 		bl	_ZN5RODOS9TimeModel14getNanosecondsEv
 382 009c 06A3     		adr	r3, .L16
 383 009e D3E90023 		ldrd	r2, [r3]
 384 00a2 1218     		adds	r2, r2, r0
 385 00a4 43EB0103 		adc	r3, r3, r1
 386 00a8 1046     		mov	r0, r2
 387 00aa 1946     		mov	r1, r3
 388 00ac 4FF00002 		mov	r2, #0
 389 00b0 FFF7FEFF 		bl	_ZN5RODOS6Thread18suspendCallerUntilExPv
  57:../STask.cpp  **** 		while (1)
 390              		.loc 1 57 0
 391 00b4 A8E7     		b	.L15
 392              	.L17:
 393 00b6 00BF     		.align	3
 394              	.L16:
 395 00b8 0065CD1D 		.word	500000000
 396 00bc 00000000 		.word	0
 397              		.cfi_endproc
 398              	.LFE191:
 400              		.section	.text._ZN5Task2C2Ev,"axG",%progbits,_ZN5Task2C5Ev,comdat
 401              		.align	2
 402              		.weak	_ZN5Task2C2Ev
 403              		.thumb
 404              		.thumb_func
 406              	_ZN5Task2C2Ev:
 407              	.LFB193:
  45:../STask.cpp  **** struct Task2 : public Thread
 408              		.loc 1 45 0
 409              		.cfi_startproc
 410              		@ args = 0, pretend = 0, frame = 8
 411              		@ frame_needed = 1, uses_anonymous_args = 0
 412 0000 80B5     		push	{r7, lr}
 413              	.LCFI15:
 414              		.cfi_def_cfa_offset 8
 415              		.cfi_offset 7, -8
 416              		.cfi_offset 14, -4
 417 0002 82B0     		sub	sp, sp, #8
 418              	.LCFI16:
 419              		.cfi_def_cfa_offset 16
 420 0004 00AF     		add	r7, sp, #0
 421              	.LCFI17:
 422              		.cfi_def_cfa_register 7
 423 0006 7860     		str	r0, [r7, #4]
 424              	.LBB3:
  45:../STask.cpp  **** struct Task2 : public Thread
 425              		.loc 1 45 0
 426 0008 7B68     		ldr	r3, [r7, #4]
 427 000a 1846     		mov	r0, r3
 428 000c 40F20001 		movw	r1, #:lower16:.LC0
 429 0010 C0F20001 		movt	r1, #:upper16:.LC0
 430 0014 4FF06402 		mov	r2, #100
 431 0018 4FF4FA63 		mov	r3, #2000
 432 001c FFF7FEFF 		bl	_ZN5RODOS6ThreadC2EPKcll
 433 0020 7B68     		ldr	r3, [r7, #4]
 434 0022 044A     		ldr	r2, .L21
 435 0024 1A60     		str	r2, [r3, #0]
 436              	.LBE3:
 437 0026 7B68     		ldr	r3, [r7, #4]
 438 0028 1846     		mov	r0, r3
 439 002a 07F10807 		add	r7, r7, #8
 440 002e BD46     		mov	sp, r7
 441 0030 80BD     		pop	{r7, pc}
 442              	.L22:
 443 0032 00BF     		.align	2
 444              	.L21:
 445 0034 08000000 		.word	_ZTV5Task2+8
 446              		.cfi_endproc
 447              	.LFE193:
 449              		.weak	_ZN5Task2C1Ev
 450              		.thumb_set _ZN5Task2C1Ev,_ZN5Task2C2Ev
 451              		.global	task2
 452              		.section	.bss.task2,"aw",%nobits
 453              		.align	3
 456              	task2:
 457 0000 00000000 		.space	80
 457      00000000 
 457      00000000 
 457      00000000 
 457      00000000 
 458              		.weak	_ZTV5Task2
 459              		.section	.rodata._ZTV5Task2,"aG",%progbits,_ZTV5Task2,comdat
 460              		.align	3
 463              	_ZTV5Task2:
 464 0000 00000000 		.word	0
 465 0004 00000000 		.word	0
 466 0008 00000000 		.word	_ZN5Task2D1Ev
 467 000c 00000000 		.word	_ZN5Task2D0Ev
 468 0010 00000000 		.word	_ZN5Task23runEv
 469 0014 00000000 		.word	_ZN5Task24initEv
 470              		.section	.text._ZN5Task2D2Ev,"axG",%progbits,_ZN5Task2D5Ev,comdat
 471              		.align	2
 472              		.weak	_ZN5Task2D2Ev
 473              		.thumb
 474              		.thumb_func
 476              	_ZN5Task2D2Ev:
 477              	.LFB200:
  45:../STask.cpp  **** struct Task2 : public Thread
 478              		.loc 1 45 0
 479              		.cfi_startproc
 480              		@ args = 0, pretend = 0, frame = 8
 481              		@ frame_needed = 1, uses_anonymous_args = 0
 482 0000 80B5     		push	{r7, lr}
 483              	.LCFI18:
 484              		.cfi_def_cfa_offset 8
 485              		.cfi_offset 7, -8
 486              		.cfi_offset 14, -4
 487 0002 82B0     		sub	sp, sp, #8
 488              	.LCFI19:
 489              		.cfi_def_cfa_offset 16
 490 0004 00AF     		add	r7, sp, #0
 491              	.LCFI20:
 492              		.cfi_def_cfa_register 7
 493 0006 7860     		str	r0, [r7, #4]
 494              	.LBB4:
  45:../STask.cpp  **** struct Task2 : public Thread
 495              		.loc 1 45 0
 496 0008 7B68     		ldr	r3, [r7, #4]
 497 000a 0A4A     		ldr	r2, .L27
 498 000c 1A60     		str	r2, [r3, #0]
 499 000e 7B68     		ldr	r3, [r7, #4]
 500 0010 1846     		mov	r0, r3
 501 0012 FFF7FEFF 		bl	_ZN5RODOS6ThreadD2Ev
 502              	.LBE4:
 503 0016 4FF00003 		mov	r3, #0
 504 001a 03F00103 		and	r3, r3, #1
 505 001e 002B     		cmp	r3, #0
 506 0020 02D0     		beq	.L25
  45:../STask.cpp  **** struct Task2 : public Thread
 507              		.loc 1 45 0 is_stmt 0 discriminator 2
 508 0022 7868     		ldr	r0, [r7, #4]
 509 0024 FFF7FEFF 		bl	_ZdlPv
 510              	.L25:
  45:../STask.cpp  **** struct Task2 : public Thread
 511              		.loc 1 45 0 discriminator 3
 512 0028 7B68     		ldr	r3, [r7, #4]
 513 002a 1846     		mov	r0, r3
 514 002c 07F10807 		add	r7, r7, #8
 515 0030 BD46     		mov	sp, r7
 516 0032 80BD     		pop	{r7, pc}
 517              	.L28:
 518              		.align	2
 519              	.L27:
 520 0034 08000000 		.word	_ZTV5Task2+8
 521              		.cfi_endproc
 522              	.LFE200:
 524              		.weak	_ZN5Task2D1Ev
 525              		.thumb_set _ZN5Task2D1Ev,_ZN5Task2D2Ev
 526              		.section	.text._ZN5Task2D0Ev,"axG",%progbits,_ZN5Task2D0Ev,comdat
 527              		.align	2
 528              		.weak	_ZN5Task2D0Ev
 529              		.thumb
 530              		.thumb_func
 532              	_ZN5Task2D0Ev:
 533              	.LFB202:
  45:../STask.cpp  **** struct Task2 : public Thread
 534              		.loc 1 45 0 is_stmt 1
 535              		.cfi_startproc
 536              		@ args = 0, pretend = 0, frame = 8
 537              		@ frame_needed = 1, uses_anonymous_args = 0
 538 0000 80B5     		push	{r7, lr}
 539              	.LCFI21:
 540              		.cfi_def_cfa_offset 8
 541              		.cfi_offset 7, -8
 542              		.cfi_offset 14, -4
 543 0002 82B0     		sub	sp, sp, #8
 544              	.LCFI22:
 545              		.cfi_def_cfa_offset 16
 546 0004 00AF     		add	r7, sp, #0
 547              	.LCFI23:
 548              		.cfi_def_cfa_register 7
 549 0006 7860     		str	r0, [r7, #4]
  45:../STask.cpp  **** struct Task2 : public Thread
 550              		.loc 1 45 0
 551 0008 7868     		ldr	r0, [r7, #4]
 552 000a FFF7FEFF 		bl	_ZN5Task2D1Ev
 553 000e 7868     		ldr	r0, [r7, #4]
 554 0010 FFF7FEFF 		bl	_ZdlPv
 555 0014 7B68     		ldr	r3, [r7, #4]
 556 0016 1846     		mov	r0, r3
 557 0018 07F10807 		add	r7, r7, #8
 558 001c BD46     		mov	sp, r7
 559 001e 80BD     		pop	{r7, pc}
 560              		.cfi_endproc
 561              	.LFE202:
 563              		.weak	_ZTV5Task1
 564              		.section	.rodata._ZTV5Task1,"aG",%progbits,_ZTV5Task1,comdat
 565              		.align	3
 568              	_ZTV5Task1:
 569 0000 00000000 		.word	0
 570 0004 00000000 		.word	0
 571 0008 00000000 		.word	_ZN5Task1D1Ev
 572 000c 00000000 		.word	_ZN5Task1D0Ev
 573 0010 00000000 		.word	_ZN5Task13runEv
 574 0014 00000000 		.word	_ZN5Task14initEv
 575              		.section	.text._ZN5Task1D2Ev,"axG",%progbits,_ZN5Task1D5Ev,comdat
 576              		.align	2
 577              		.weak	_ZN5Task1D2Ev
 578              		.thumb
 579              		.thumb_func
 581              	_ZN5Task1D2Ev:
 582              	.LFB204:
  16:../STask.cpp  **** struct Task1 : public Thread
 583              		.loc 1 16 0
 584              		.cfi_startproc
 585              		@ args = 0, pretend = 0, frame = 8
 586              		@ frame_needed = 1, uses_anonymous_args = 0
 587 0000 80B5     		push	{r7, lr}
 588              	.LCFI24:
 589              		.cfi_def_cfa_offset 8
 590              		.cfi_offset 7, -8
 591              		.cfi_offset 14, -4
 592 0002 82B0     		sub	sp, sp, #8
 593              	.LCFI25:
 594              		.cfi_def_cfa_offset 16
 595 0004 00AF     		add	r7, sp, #0
 596              	.LCFI26:
 597              		.cfi_def_cfa_register 7
 598 0006 7860     		str	r0, [r7, #4]
 599              	.LBB5:
  16:../STask.cpp  **** struct Task1 : public Thread
 600              		.loc 1 16 0
 601 0008 7B68     		ldr	r3, [r7, #4]
 602 000a 0A4A     		ldr	r2, .L36
 603 000c 1A60     		str	r2, [r3, #0]
 604 000e 7B68     		ldr	r3, [r7, #4]
 605 0010 1846     		mov	r0, r3
 606 0012 FFF7FEFF 		bl	_ZN5RODOS6ThreadD2Ev
 607              	.LBE5:
 608 0016 4FF00003 		mov	r3, #0
 609 001a 03F00103 		and	r3, r3, #1
 610 001e 002B     		cmp	r3, #0
 611 0020 02D0     		beq	.L34
  16:../STask.cpp  **** struct Task1 : public Thread
 612              		.loc 1 16 0 is_stmt 0 discriminator 2
 613 0022 7868     		ldr	r0, [r7, #4]
 614 0024 FFF7FEFF 		bl	_ZdlPv
 615              	.L34:
  16:../STask.cpp  **** struct Task1 : public Thread
 616              		.loc 1 16 0 discriminator 3
 617 0028 7B68     		ldr	r3, [r7, #4]
 618 002a 1846     		mov	r0, r3
 619 002c 07F10807 		add	r7, r7, #8
 620 0030 BD46     		mov	sp, r7
 621 0032 80BD     		pop	{r7, pc}
 622              	.L37:
 623              		.align	2
 624              	.L36:
 625 0034 08000000 		.word	_ZTV5Task1+8
 626              		.cfi_endproc
 627              	.LFE204:
 629              		.weak	_ZN5Task1D1Ev
 630              		.thumb_set _ZN5Task1D1Ev,_ZN5Task1D2Ev
 631              		.section	.text._ZN5Task1D0Ev,"axG",%progbits,_ZN5Task1D0Ev,comdat
 632              		.align	2
 633              		.weak	_ZN5Task1D0Ev
 634              		.thumb
 635              		.thumb_func
 637              	_ZN5Task1D0Ev:
 638              	.LFB206:
  16:../STask.cpp  **** struct Task1 : public Thread
 639              		.loc 1 16 0 is_stmt 1
 640              		.cfi_startproc
 641              		@ args = 0, pretend = 0, frame = 8
 642              		@ frame_needed = 1, uses_anonymous_args = 0
 643 0000 80B5     		push	{r7, lr}
 644              	.LCFI27:
 645              		.cfi_def_cfa_offset 8
 646              		.cfi_offset 7, -8
 647              		.cfi_offset 14, -4
 648 0002 82B0     		sub	sp, sp, #8
 649              	.LCFI28:
 650              		.cfi_def_cfa_offset 16
 651 0004 00AF     		add	r7, sp, #0
 652              	.LCFI29:
 653              		.cfi_def_cfa_register 7
 654 0006 7860     		str	r0, [r7, #4]
  16:../STask.cpp  **** struct Task1 : public Thread
 655              		.loc 1 16 0
 656 0008 7868     		ldr	r0, [r7, #4]
 657 000a FFF7FEFF 		bl	_ZN5Task1D1Ev
 658 000e 7868     		ldr	r0, [r7, #4]
 659 0010 FFF7FEFF 		bl	_ZdlPv
 660 0014 7B68     		ldr	r3, [r7, #4]
 661 0016 1846     		mov	r0, r3
 662 0018 07F10807 		add	r7, r7, #8
 663 001c BD46     		mov	sp, r7
 664 001e 80BD     		pop	{r7, pc}
 665              		.cfi_endproc
 666              	.LFE206:
 668              		.section	.text._Z41__static_initialization_and_destruction_0ii,"ax",%progbits
 669              		.align	2
 670              		.thumb
 671              		.thumb_func
 673              	_Z41__static_initialization_and_destruction_0ii:
 674              	.LFB211:
  78:../STask.cpp  **** 			}
  79:../STask.cpp  **** 		}
  80:../STask.cpp  **** 	}
  81:../STask.cpp  **** } task2;
 675              		.loc 1 81 0
 676              		.cfi_startproc
 677              		@ args = 0, pretend = 0, frame = 8
 678              		@ frame_needed = 1, uses_anonymous_args = 0
 679 0000 80B5     		push	{r7, lr}
 680              	.LCFI30:
 681              		.cfi_def_cfa_offset 8
 682              		.cfi_offset 7, -8
 683              		.cfi_offset 14, -4
 684 0002 82B0     		sub	sp, sp, #8
 685              	.LCFI31:
 686              		.cfi_def_cfa_offset 16
 687 0004 00AF     		add	r7, sp, #0
 688              	.LCFI32:
 689              		.cfi_def_cfa_register 7
 690 0006 7860     		str	r0, [r7, #4]
 691 0008 3960     		str	r1, [r7, #0]
 692              		.loc 1 81 0
 693 000a 7B68     		ldr	r3, [r7, #4]
 694 000c 012B     		cmp	r3, #1
 695 000e 54D1     		bne	.L41
 696              		.loc 1 81 0 is_stmt 0 discriminator 1
 697 0010 3A68     		ldr	r2, [r7, #0]
 698 0012 4FF6FF73 		movw	r3, #65535
 699 0016 9A42     		cmp	r2, r3
 700 0018 4FD1     		bne	.L41
   6:../STask.cpp  **** HAL_GPIO button(GPIO_000); // Button
 701              		.loc 1 6 0 is_stmt 1
 702 001a 40F20000 		movw	r0, #:lower16:button
 703 001e C0F20000 		movt	r0, #:upper16:button
 704 0022 4FF00001 		mov	r1, #0
 705 0026 FFF7FEFF 		bl	_ZN5RODOS8HAL_GPIOC1ENS_8GPIO_PINE
   9:../STask.cpp  **** HAL_GPIO halgpio1(GPIO_060);
 706              		.loc 1 9 0
 707 002a 40F20000 		movw	r0, #:lower16:halgpio1
 708 002e C0F20000 		movt	r0, #:upper16:halgpio1
 709 0032 4FF03C01 		mov	r1, #60
 710 0036 FFF7FEFF 		bl	_ZN5RODOS8HAL_GPIOC1ENS_8GPIO_PINE
  10:../STask.cpp  **** HAL_GPIO halgpio2(GPIO_061);
 711              		.loc 1 10 0
 712 003a 40F20000 		movw	r0, #:lower16:halgpio2
 713 003e C0F20000 		movt	r0, #:upper16:halgpio2
 714 0042 4FF03D01 		mov	r1, #61
 715 0046 FFF7FEFF 		bl	_ZN5RODOS8HAL_GPIOC1ENS_8GPIO_PINE
  11:../STask.cpp  **** HAL_GPIO halgpio3(GPIO_062);
 716              		.loc 1 11 0
 717 004a 40F20000 		movw	r0, #:lower16:halgpio3
 718 004e C0F20000 		movt	r0, #:upper16:halgpio3
 719 0052 4FF03E01 		mov	r1, #62
 720 0056 FFF7FEFF 		bl	_ZN5RODOS8HAL_GPIOC1ENS_8GPIO_PINE
  12:../STask.cpp  **** HAL_GPIO halgpio4(GPIO_063);
 721              		.loc 1 12 0
 722 005a 40F20000 		movw	r0, #:lower16:halgpio4
 723 005e C0F20000 		movt	r0, #:upper16:halgpio4
 724 0062 4FF03F01 		mov	r1, #63
 725 0066 FFF7FEFF 		bl	_ZN5RODOS8HAL_GPIOC1ENS_8GPIO_PINE
  43:../STask.cpp  **** } task1;
 726              		.loc 1 43 0
 727 006a 40F20000 		movw	r0, #:lower16:task1
 728 006e C0F20000 		movt	r0, #:upper16:task1
 729 0072 FFF7FEFF 		bl	_ZN5Task1C1Ev
 730 0076 40F20000 		movw	r0, #:lower16:task1
 731 007a C0F20000 		movt	r0, #:upper16:task1
 732 007e 40F20001 		movw	r1, #:lower16:_ZN5Task1D1Ev
 733 0082 C0F20001 		movt	r1, #:upper16:_ZN5Task1D1Ev
 734 0086 40F20002 		movw	r2, #:lower16:__dso_handle
 735 008a C0F20002 		movt	r2, #:upper16:__dso_handle
 736 008e FFF7FEFF 		bl	__aeabi_atexit
 737              		.loc 1 81 0
 738 0092 40F20000 		movw	r0, #:lower16:task2
 739 0096 C0F20000 		movt	r0, #:upper16:task2
 740 009a FFF7FEFF 		bl	_ZN5Task2C1Ev
 741 009e 40F20000 		movw	r0, #:lower16:task2
 742 00a2 C0F20000 		movt	r0, #:upper16:task2
 743 00a6 40F20001 		movw	r1, #:lower16:_ZN5Task2D1Ev
 744 00aa C0F20001 		movt	r1, #:upper16:_ZN5Task2D1Ev
 745 00ae 40F20002 		movw	r2, #:lower16:__dso_handle
 746 00b2 C0F20002 		movt	r2, #:upper16:__dso_handle
 747 00b6 FFF7FEFF 		bl	__aeabi_atexit
 748              	.L41:
 749 00ba 07F10807 		add	r7, r7, #8
 750 00be BD46     		mov	sp, r7
 751 00c0 80BD     		pop	{r7, pc}
 752              		.cfi_endproc
 753              	.LFE211:
 755 00c2 00BF     		.section	.text._GLOBAL__sub_I_button,"ax",%progbits
 756              		.align	2
 757              		.thumb
 758              		.thumb_func
 760              	_GLOBAL__sub_I_button:
 761              	.LFB219:
 762              		.loc 1 81 0
 763              		.cfi_startproc
 764              		@ args = 0, pretend = 0, frame = 0
 765              		@ frame_needed = 1, uses_anonymous_args = 0
 766 0000 80B5     		push	{r7, lr}
 767              	.LCFI33:
 768              		.cfi_def_cfa_offset 8
 769              		.cfi_offset 7, -8
 770              		.cfi_offset 14, -4
 771 0002 00AF     		add	r7, sp, #0
 772              	.LCFI34:
 773              		.cfi_def_cfa_register 7
 774              		.loc 1 81 0
 775 0004 4FF00100 		mov	r0, #1
 776 0008 4FF6FF71 		movw	r1, #65535
 777 000c FFF7FEFF 		bl	_Z41__static_initialization_and_destruction_0ii
 778 0010 80BD     		pop	{r7, pc}
 779              		.cfi_endproc
 780              	.LFE219:
 782 0012 00BF     		.section	.init_array,"aw",%init_array
 783              		.align	2
 784 0000 00000000 		.word	_GLOBAL__sub_I_button(target1)
 785              		.text
 786              	.Letext0:
 787              		.file 2 "/home/rodos/Discovery_WorkSpace_Updated/rodos/api/hal/hal_gpio.h"
 788              		.file 3 "/home/rodos/Discovery_WorkSpace_Updated/rodos/api/string_pico.h"
 789              		.file 4 "/home/rodos/Discovery_WorkSpace_Updated/rodos/api/rodos.h"
DEFINED SYMBOLS
                            *ABS*:00000000 STask.cpp
     /tmp/ccdS9mP4.s:24     .bss.button:00000000 button
     /tmp/ccdS9mP4.s:21     .bss.button:00000000 $d
     /tmp/ccdS9mP4.s:31     .bss.halgpio1:00000000 halgpio1
     /tmp/ccdS9mP4.s:28     .bss.halgpio1:00000000 $d
     /tmp/ccdS9mP4.s:38     .bss.halgpio2:00000000 halgpio2
     /tmp/ccdS9mP4.s:35     .bss.halgpio2:00000000 $d
     /tmp/ccdS9mP4.s:45     .bss.halgpio3:00000000 halgpio3
     /tmp/ccdS9mP4.s:42     .bss.halgpio3:00000000 $d
     /tmp/ccdS9mP4.s:52     .bss.halgpio4:00000000 halgpio4
     /tmp/ccdS9mP4.s:49     .bss.halgpio4:00000000 $d
     /tmp/ccdS9mP4.s:58     .bss.pressed:00000000 pressed
     /tmp/ccdS9mP4.s:59     .bss.pressed:00000000 $d
     /tmp/ccdS9mP4.s:61     .text._ZN5Task14initEv:00000000 $t
     /tmp/ccdS9mP4.s:66     .text._ZN5Task14initEv:00000000 _ZN5Task14initEv
     /tmp/ccdS9mP4.s:111    .text._ZN5Task13runEv:00000000 $t
     /tmp/ccdS9mP4.s:116    .text._ZN5Task13runEv:00000000 _ZN5Task13runEv
     /tmp/ccdS9mP4.s:186    .rodata:00000000 $d
     /tmp/ccdS9mP4.s:187    .rodata:00000000 .LC0
     /tmp/ccdS9mP4.s:190    .text._ZN5Task1C2Ev:00000000 $t
     /tmp/ccdS9mP4.s:195    .text._ZN5Task1C2Ev:00000000 _ZN5Task1C2Ev
     /tmp/ccdS9mP4.s:234    .text._ZN5Task1C2Ev:00000034 $d
     /tmp/ccdS9mP4.s:568    .rodata._ZTV5Task1:00000000 _ZTV5Task1
     /tmp/ccdS9mP4.s:195    .text._ZN5Task1C2Ev:00000000 _ZN5Task1C1Ev
     /tmp/ccdS9mP4.s:245    .bss.task1:00000000 task1
     /tmp/ccdS9mP4.s:242    .bss.task1:00000000 $d
     /tmp/ccdS9mP4.s:248    .text._ZN5Task24initEv:00000000 $t
     /tmp/ccdS9mP4.s:253    .text._ZN5Task24initEv:00000000 _ZN5Task24initEv
     /tmp/ccdS9mP4.s:307    .text._ZN5Task23runEv:00000000 $t
     /tmp/ccdS9mP4.s:312    .text._ZN5Task23runEv:00000000 _ZN5Task23runEv
     /tmp/ccdS9mP4.s:395    .text._ZN5Task23runEv:000000b8 $d
     /tmp/ccdS9mP4.s:401    .text._ZN5Task2C2Ev:00000000 $t
     /tmp/ccdS9mP4.s:406    .text._ZN5Task2C2Ev:00000000 _ZN5Task2C2Ev
     /tmp/ccdS9mP4.s:445    .text._ZN5Task2C2Ev:00000034 $d
     /tmp/ccdS9mP4.s:463    .rodata._ZTV5Task2:00000000 _ZTV5Task2
     /tmp/ccdS9mP4.s:406    .text._ZN5Task2C2Ev:00000000 _ZN5Task2C1Ev
     /tmp/ccdS9mP4.s:456    .bss.task2:00000000 task2
     /tmp/ccdS9mP4.s:453    .bss.task2:00000000 $d
     /tmp/ccdS9mP4.s:460    .rodata._ZTV5Task2:00000000 $d
     /tmp/ccdS9mP4.s:476    .text._ZN5Task2D2Ev:00000000 _ZN5Task2D1Ev
     /tmp/ccdS9mP4.s:532    .text._ZN5Task2D0Ev:00000000 _ZN5Task2D0Ev
     /tmp/ccdS9mP4.s:471    .text._ZN5Task2D2Ev:00000000 $t
     /tmp/ccdS9mP4.s:476    .text._ZN5Task2D2Ev:00000000 _ZN5Task2D2Ev
     /tmp/ccdS9mP4.s:520    .text._ZN5Task2D2Ev:00000034 $d
     /tmp/ccdS9mP4.s:527    .text._ZN5Task2D0Ev:00000000 $t
     /tmp/ccdS9mP4.s:565    .rodata._ZTV5Task1:00000000 $d
     /tmp/ccdS9mP4.s:581    .text._ZN5Task1D2Ev:00000000 _ZN5Task1D1Ev
     /tmp/ccdS9mP4.s:637    .text._ZN5Task1D0Ev:00000000 _ZN5Task1D0Ev
     /tmp/ccdS9mP4.s:576    .text._ZN5Task1D2Ev:00000000 $t
     /tmp/ccdS9mP4.s:581    .text._ZN5Task1D2Ev:00000000 _ZN5Task1D2Ev
     /tmp/ccdS9mP4.s:625    .text._ZN5Task1D2Ev:00000034 $d
     /tmp/ccdS9mP4.s:632    .text._ZN5Task1D0Ev:00000000 $t
     /tmp/ccdS9mP4.s:669    .text._Z41__static_initialization_and_destruction_0ii:00000000 $t
     /tmp/ccdS9mP4.s:673    .text._Z41__static_initialization_and_destruction_0ii:00000000 _Z41__static_initialization_and_destruction_0ii
     /tmp/ccdS9mP4.s:756    .text._GLOBAL__sub_I_button:00000000 $t
     /tmp/ccdS9mP4.s:760    .text._GLOBAL__sub_I_button:00000000 _GLOBAL__sub_I_button
     /tmp/ccdS9mP4.s:783    .init_array:00000000 $d
                     .debug_frame:00000010 $d
                           .group:00000000 _ZN5Task1C5Ev
                           .group:00000000 _ZN5Task2C5Ev
                           .group:00000000 _ZN5Task2D5Ev
                           .group:00000000 _ZN5Task1D5Ev
                           .group:00000000 wm4.1.4bcac17c4792917b2ba5e2a4796f5f5e
                           .group:00000000 wm4.rodosapis.h.15.0e6831dceea37efa2bc1353c1d21da83
                           .group:00000000 wm4.newlib.h.8.a9901dc52d1357e3e94003403d43f8b5
                           .group:00000000 wm4.features.h.22.b72b3baab2bb2eab3661375590100b6b
                           .group:00000000 wm4.config.h.193.5fb8ef056cdff92dec3dee9552839d8c
                           .group:00000000 wm4._ansi.h.23.fff5fb436fa813a3c343750c1b5c0dee
                           .group:00000000 wm4.stdint.h.20.54ad762faa59e3c05491630641c8d8bf
                           .group:00000000 wm4.stddef.h.40.d401a05faad284016f61f130946a7dc0
                           .group:00000000 wm4.debug.h.60.5e4d396daa73eb89d4dd5cb7785a4940
                           .group:00000000 wm4.userconfig.h.15.4b779a6c48326c33ab80165d996a01d6
                           .group:00000000 wm4.params.h.25.224d519c0ae17e809618d66b3b7ea000
                           .group:00000000 wm4.hw_thread_defs.h.49.33c5a370dbbf870dc88c401bd6f04ef9
                           .group:00000000 wm4.timemodel.h.69.fd37f23e589aac5d4e48c94135c9fb54
                           .group:00000000 wm4.reserved_application_ids.h.3.a7d344bdbd76719670cac32f25715090
                           .group:00000000 wm4.thread.h.52.3da6386f3345241419d8fed3fc2b4984
                           .group:00000000 wm4.semaphore.h.50.f264a5bb73af55571809fd59fef0eaec
                           .group:00000000 wm4.reserved_topic_ids.h.3.ee638471f5024ddaa9a33c286bbffbf9
                           .group:00000000 wm4._default_types.h.6.5e12cd604db8ce00b62bb2f02708eaf3
                           .group:00000000 wm4.lock.h.2.9bc98482741e5e2a9450b12934a684ea
                           .group:00000000 wm4.stddef.h.161.295bec9bd195070211f2a910b7059fa9
                           .group:00000000 wm4.types.h.2.e9cec8c90ab35f77d9f499e06ae02400
                           .group:00000000 wm4.types.h.80.1f2c84c0d57dd52dd9936095d9ac218e
                           .group:00000000 wm4.stdarg.h.31.b70f21342353634f7b44d85f85f13832
                           .group:00000000 wm4.linkinterfaceuart.h.64.049492809827f6ca46297efb16c6ce0d
                           .group:00000000 wm4.linkinterfacecan.h.19.60f979542a316508947b99ad5ed5929e
                           .group:00000000 wm4.linkinterfaceshm.h.8.41949ad249c2315ff5f19839d8e856e0

UNDEFINED SYMBOLS
_ZN5RODOS8HAL_GPIO4initEbmm
_ZN5RODOS8HAL_GPIO15interruptEnableEb
_ZN5RODOS8HAL_GPIO6configENS_13GPIO_CFG_TYPEEm
_ZN5RODOS8HAL_GPIO11isDataReadyEv
_ZN5RODOS18GenericIOInterface21suspendUntilDataReadyEx
_ZN5RODOS8HAL_GPIO8readPinsEv
_ZN5RODOS8HAL_GPIO25resetInterruptEventStatusEv
_ZN5RODOS6ThreadC2EPKcll
_ZN5RODOS8HAL_GPIO7setPinsEm
_ZN5RODOS9TimeModel14getNanosecondsEv
_ZN5RODOS6Thread18suspendCallerUntilExPv
_ZN5RODOS6ThreadD2Ev
_ZdlPv
_ZN5RODOS8HAL_GPIOC1ENS_8GPIO_PINE
__dso_handle
__aeabi_atexit
